<?xml version="1.0" encoding="UTF-8"?>
<testng-results ignored="0" total="1" passed="1" failed="0" skipped="0">
  <reporter-output>
  </reporter-output>
  <suite started-at="2025-05-19T15:22:39 IST" name="Default suite" finished-at="2025-05-19T15:22:44 IST" duration-ms="5443">
    <groups>
    </groups>
    <test started-at="2025-05-19T15:22:39 IST" name="Default test" finished-at="2025-05-19T15:22:44 IST" duration-ms="5443">
      <class name="api.api.ReqResAPITest">
        <test-method signature="validateUserListPage2()[pri:0, instance:api.api.ReqResAPITest@21282ed8]" started-at="2025-05-19T15:22:39 IST" name="validateUserListPage2" finished-at="2025-05-19T15:22:44 IST" duration-ms="5351" status="PASS">
          <reporter-output>
          </reporter-output>
        </test-method> <!-- validateUserListPage2 -->
      </class> <!-- api.api.ReqResAPITest -->
    </test> <!-- Default test -->
  </suite> <!-- Default suite -->
</testng-results>
